[ 2018-02-20 12:52:08,337][cascade_classifier.fit_transform] X_groups_train.shape=[(8500, 1, 72, 24, 3)],y_train.shape=(8500,),X_groups_test.shape=no_test,y_test.shape=no_test
[ 2018-02-20 12:52:08,459][cascade_classifier.fit_transform] group_dims=[5184]
[ 2018-02-20 12:52:08,460][cascade_classifier.fit_transform] group_starts=[0]
[ 2018-02-20 12:52:08,460][cascade_classifier.fit_transform] group_ends=[5184]
[ 2018-02-20 12:52:08,461][cascade_classifier.fit_transform] X_train.shape=(8500, 5184),X_test.shape=(0, 5184)
[ 2018-02-20 12:52:08,570][cascade_classifier.fit_transform] [layer=0] look_indexs=[0], X_cur_train.shape=(8500, 5184), X_cur_test.shape=(0, 5184)
[ 2018-02-20 12:53:36,187][kfold_wrapper.log_eval_metrics] Accuracy(layer_0 - estimator_0 - 5_folds.train_0.predict)=96.00%
[ 2018-02-20 12:55:03,817][kfold_wrapper.log_eval_metrics] Accuracy(layer_0 - estimator_0 - 5_folds.train_1.predict)=96.06%
[ 2018-02-20 12:56:32,162][kfold_wrapper.log_eval_metrics] Accuracy(layer_0 - estimator_0 - 5_folds.train_2.predict)=96.12%
[ 2018-02-20 12:58:00,954][kfold_wrapper.log_eval_metrics] Accuracy(layer_0 - estimator_0 - 5_folds.train_3.predict)=95.23%
[ 2018-02-20 12:59:28,345][kfold_wrapper.log_eval_metrics] Accuracy(layer_0 - estimator_0 - 5_folds.train_4.predict)=95.47%
[ 2018-02-20 12:59:28,347][kfold_wrapper.log_eval_metrics] Accuracy(layer_0 - estimator_0 - 5_folds.train_cv.predict)=95.78%
[ 2018-02-20 12:59:29,576][kfold_wrapper.log_eval_metrics] Accuracy(layer_0 - estimator_1 - 5_folds.train_0.predict)=98.94%
[ 2018-02-20 12:59:30,778][kfold_wrapper.log_eval_metrics] Accuracy(layer_0 - estimator_1 - 5_folds.train_1.predict)=99.12%
[ 2018-02-20 12:59:31,949][kfold_wrapper.log_eval_metrics] Accuracy(layer_0 - estimator_1 - 5_folds.train_2.predict)=99.24%
[ 2018-02-20 12:59:33,141][kfold_wrapper.log_eval_metrics] Accuracy(layer_0 - estimator_1 - 5_folds.train_3.predict)=99.47%
[ 2018-02-20 12:59:34,336][kfold_wrapper.log_eval_metrics] Accuracy(layer_0 - estimator_1 - 5_folds.train_4.predict)=99.41%
[ 2018-02-20 12:59:34,338][kfold_wrapper.log_eval_metrics] Accuracy(layer_0 - estimator_1 - 5_folds.train_cv.predict)=99.24%
[ 2018-02-20 12:59:35,258][kfold_wrapper.log_eval_metrics] Accuracy(layer_0 - estimator_2 - 5_folds.train_0.predict)=99.53%
[ 2018-02-20 12:59:36,300][kfold_wrapper.log_eval_metrics] Accuracy(layer_0 - estimator_2 - 5_folds.train_1.predict)=99.41%
[ 2018-02-20 12:59:37,221][kfold_wrapper.log_eval_metrics] Accuracy(layer_0 - estimator_2 - 5_folds.train_2.predict)=99.41%
[ 2018-02-20 12:59:38,126][kfold_wrapper.log_eval_metrics] Accuracy(layer_0 - estimator_2 - 5_folds.train_3.predict)=99.65%
[ 2018-02-20 12:59:39,038][kfold_wrapper.log_eval_metrics] Accuracy(layer_0 - estimator_2 - 5_folds.train_4.predict)=99.88%
[ 2018-02-20 12:59:39,040][kfold_wrapper.log_eval_metrics] Accuracy(layer_0 - estimator_2 - 5_folds.train_cv.predict)=99.58%
[ 2018-02-20 12:59:55,729][kfold_wrapper.log_eval_metrics] Accuracy(layer_0 - estimator_3 - 5_folds.train_0.predict)=99.59%
[ 2018-02-20 13:00:13,559][kfold_wrapper.log_eval_metrics] Accuracy(layer_0 - estimator_3 - 5_folds.train_1.predict)=99.59%
[ 2018-02-20 13:00:30,251][kfold_wrapper.log_eval_metrics] Accuracy(layer_0 - estimator_3 - 5_folds.train_2.predict)=99.76%
[ 2018-02-20 13:00:46,120][kfold_wrapper.log_eval_metrics] Accuracy(layer_0 - estimator_3 - 5_folds.train_3.predict)=99.65%
[ 2018-02-20 13:01:01,860][kfold_wrapper.log_eval_metrics] Accuracy(layer_0 - estimator_3 - 5_folds.train_4.predict)=99.82%
[ 2018-02-20 13:01:01,862][kfold_wrapper.log_eval_metrics] Accuracy(layer_0 - estimator_3 - 5_folds.train_cv.predict)=99.68%
[ 2018-02-20 13:01:01,863][cascade_classifier.calc_accuracy] Accuracy(layer_0 - train.classifier_average)=99.75%
[ 2018-02-20 13:01:02,014][cascade_classifier.fit_transform] [layer=1] look_indexs=[0], X_cur_train.shape=(8500, 5196), X_cur_test.shape=(0, 5196)
[ 2018-02-20 13:02:22,027][kfold_wrapper.log_eval_metrics] Accuracy(layer_1 - estimator_0 - 5_folds.train_0.predict)=99.94%
[ 2018-02-20 13:03:37,535][kfold_wrapper.log_eval_metrics] Accuracy(layer_1 - estimator_0 - 5_folds.train_1.predict)=99.88%
[ 2018-02-20 13:04:51,473][kfold_wrapper.log_eval_metrics] Accuracy(layer_1 - estimator_0 - 5_folds.train_2.predict)=99.82%
[ 2018-02-20 13:06:01,633][kfold_wrapper.log_eval_metrics] Accuracy(layer_1 - estimator_0 - 5_folds.train_3.predict)=99.65%
[ 2018-02-20 13:07:16,256][kfold_wrapper.log_eval_metrics] Accuracy(layer_1 - estimator_0 - 5_folds.train_4.predict)=99.88%
[ 2018-02-20 13:07:16,257][kfold_wrapper.log_eval_metrics] Accuracy(layer_1 - estimator_0 - 5_folds.train_cv.predict)=99.84%
[ 2018-02-20 13:07:17,022][kfold_wrapper.log_eval_metrics] Accuracy(layer_1 - estimator_1 - 5_folds.train_0.predict)=99.71%
[ 2018-02-20 13:07:17,791][kfold_wrapper.log_eval_metrics] Accuracy(layer_1 - estimator_1 - 5_folds.train_1.predict)=99.76%
[ 2018-02-20 13:07:18,687][kfold_wrapper.log_eval_metrics] Accuracy(layer_1 - estimator_1 - 5_folds.train_2.predict)=99.65%
[ 2018-02-20 13:07:19,471][kfold_wrapper.log_eval_metrics] Accuracy(layer_1 - estimator_1 - 5_folds.train_3.predict)=99.53%
[ 2018-02-20 13:07:20,271][kfold_wrapper.log_eval_metrics] Accuracy(layer_1 - estimator_1 - 5_folds.train_4.predict)=99.41%
[ 2018-02-20 13:07:20,273][kfold_wrapper.log_eval_metrics] Accuracy(layer_1 - estimator_1 - 5_folds.train_cv.predict)=99.61%
[ 2018-02-20 13:07:21,080][kfold_wrapper.log_eval_metrics] Accuracy(layer_1 - estimator_2 - 5_folds.train_0.predict)=99.94%
[ 2018-02-20 13:07:21,879][kfold_wrapper.log_eval_metrics] Accuracy(layer_1 - estimator_2 - 5_folds.train_1.predict)=99.82%
[ 2018-02-20 13:07:22,686][kfold_wrapper.log_eval_metrics] Accuracy(layer_1 - estimator_2 - 5_folds.train_2.predict)=99.82%
[ 2018-02-20 13:07:23,478][kfold_wrapper.log_eval_metrics] Accuracy(layer_1 - estimator_2 - 5_folds.train_3.predict)=99.88%
[ 2018-02-20 13:07:24,305][kfold_wrapper.log_eval_metrics] Accuracy(layer_1 - estimator_2 - 5_folds.train_4.predict)=99.71%
[ 2018-02-20 13:07:24,307][kfold_wrapper.log_eval_metrics] Accuracy(layer_1 - estimator_2 - 5_folds.train_cv.predict)=99.84%
[ 2018-02-20 13:07:38,442][kfold_wrapper.log_eval_metrics] Accuracy(layer_1 - estimator_3 - 5_folds.train_0.predict)=99.76%
[ 2018-02-20 13:07:52,772][kfold_wrapper.log_eval_metrics] Accuracy(layer_1 - estimator_3 - 5_folds.train_1.predict)=99.88%
[ 2018-02-20 13:08:06,548][kfold_wrapper.log_eval_metrics] Accuracy(layer_1 - estimator_3 - 5_folds.train_2.predict)=99.65%
[ 2018-02-20 13:08:20,471][kfold_wrapper.log_eval_metrics] Accuracy(layer_1 - estimator_3 - 5_folds.train_3.predict)=100.00%
[ 2018-02-20 13:08:34,065][kfold_wrapper.log_eval_metrics] Accuracy(layer_1 - estimator_3 - 5_folds.train_4.predict)=99.88%
[ 2018-02-20 13:08:34,067][kfold_wrapper.log_eval_metrics] Accuracy(layer_1 - estimator_3 - 5_folds.train_cv.predict)=99.84%
[ 2018-02-20 13:08:34,068][cascade_classifier.calc_accuracy] Accuracy(layer_1 - train.classifier_average)=99.84%
[ 2018-02-20 13:08:34,230][cascade_classifier.fit_transform] [layer=2] look_indexs=[0], X_cur_train.shape=(8500, 5196), X_cur_test.shape=(0, 5196)
[ 2018-02-20 13:09:39,422][kfold_wrapper.log_eval_metrics] Accuracy(layer_2 - estimator_0 - 5_folds.train_0.predict)=99.88%
[ 2018-02-20 13:10:47,939][kfold_wrapper.log_eval_metrics] Accuracy(layer_2 - estimator_0 - 5_folds.train_1.predict)=99.82%
[ 2018-02-20 13:11:56,321][kfold_wrapper.log_eval_metrics] Accuracy(layer_2 - estimator_0 - 5_folds.train_2.predict)=99.76%
[ 2018-02-20 13:13:00,894][kfold_wrapper.log_eval_metrics] Accuracy(layer_2 - estimator_0 - 5_folds.train_3.predict)=99.76%
[ 2018-02-20 13:14:09,492][kfold_wrapper.log_eval_metrics] Accuracy(layer_2 - estimator_0 - 5_folds.train_4.predict)=99.88%
[ 2018-02-20 13:14:09,493][kfold_wrapper.log_eval_metrics] Accuracy(layer_2 - estimator_0 - 5_folds.train_cv.predict)=99.82%
[ 2018-02-20 13:14:10,283][kfold_wrapper.log_eval_metrics] Accuracy(layer_2 - estimator_1 - 5_folds.train_0.predict)=99.94%
[ 2018-02-20 13:14:11,109][kfold_wrapper.log_eval_metrics] Accuracy(layer_2 - estimator_1 - 5_folds.train_1.predict)=99.76%
[ 2018-02-20 13:14:11,916][kfold_wrapper.log_eval_metrics] Accuracy(layer_2 - estimator_1 - 5_folds.train_2.predict)=99.82%
[ 2018-02-20 13:14:12,825][kfold_wrapper.log_eval_metrics] Accuracy(layer_2 - estimator_1 - 5_folds.train_3.predict)=99.71%
[ 2018-02-20 13:14:13,630][kfold_wrapper.log_eval_metrics] Accuracy(layer_2 - estimator_1 - 5_folds.train_4.predict)=99.88%
[ 2018-02-20 13:14:13,631][kfold_wrapper.log_eval_metrics] Accuracy(layer_2 - estimator_1 - 5_folds.train_cv.predict)=99.82%
[ 2018-02-20 13:14:14,301][kfold_wrapper.log_eval_metrics] Accuracy(layer_2 - estimator_2 - 5_folds.train_0.predict)=99.82%
[ 2018-02-20 13:14:15,173][kfold_wrapper.log_eval_metrics] Accuracy(layer_2 - estimator_2 - 5_folds.train_1.predict)=99.71%
[ 2018-02-20 13:14:15,894][kfold_wrapper.log_eval_metrics] Accuracy(layer_2 - estimator_2 - 5_folds.train_2.predict)=99.94%
[ 2018-02-20 13:14:16,562][kfold_wrapper.log_eval_metrics] Accuracy(layer_2 - estimator_2 - 5_folds.train_3.predict)=99.76%
[ 2018-02-20 13:14:17,226][kfold_wrapper.log_eval_metrics] Accuracy(layer_2 - estimator_2 - 5_folds.train_4.predict)=99.94%
[ 2018-02-20 13:14:17,228][kfold_wrapper.log_eval_metrics] Accuracy(layer_2 - estimator_2 - 5_folds.train_cv.predict)=99.84%
[ 2018-02-20 13:14:30,393][kfold_wrapper.log_eval_metrics] Accuracy(layer_2 - estimator_3 - 5_folds.train_0.predict)=99.88%
[ 2018-02-20 13:14:43,527][kfold_wrapper.log_eval_metrics] Accuracy(layer_2 - estimator_3 - 5_folds.train_1.predict)=99.88%
[ 2018-02-20 13:14:56,582][kfold_wrapper.log_eval_metrics] Accuracy(layer_2 - estimator_3 - 5_folds.train_2.predict)=99.88%
[ 2018-02-20 13:15:09,561][kfold_wrapper.log_eval_metrics] Accuracy(layer_2 - estimator_3 - 5_folds.train_3.predict)=99.82%
[ 2018-02-20 13:15:22,309][kfold_wrapper.log_eval_metrics] Accuracy(layer_2 - estimator_3 - 5_folds.train_4.predict)=99.71%
[ 2018-02-20 13:15:22,310][kfold_wrapper.log_eval_metrics] Accuracy(layer_2 - estimator_3 - 5_folds.train_cv.predict)=99.84%
[ 2018-02-20 13:15:22,311][cascade_classifier.calc_accuracy] Accuracy(layer_2 - train.classifier_average)=99.86%
[ 2018-02-20 13:15:22,472][cascade_classifier.fit_transform] [layer=3] look_indexs=[0], X_cur_train.shape=(8500, 5196), X_cur_test.shape=(0, 5196)
[ 2018-02-20 13:16:29,322][kfold_wrapper.log_eval_metrics] Accuracy(layer_3 - estimator_0 - 5_folds.train_0.predict)=99.88%
[ 2018-02-20 13:17:34,613][kfold_wrapper.log_eval_metrics] Accuracy(layer_3 - estimator_0 - 5_folds.train_1.predict)=99.88%
[ 2018-02-20 13:18:39,540][kfold_wrapper.log_eval_metrics] Accuracy(layer_3 - estimator_0 - 5_folds.train_2.predict)=99.71%
[ 2018-02-20 13:19:35,234][kfold_wrapper.log_eval_metrics] Accuracy(layer_3 - estimator_0 - 5_folds.train_3.predict)=99.71%
[ 2018-02-20 13:20:41,411][kfold_wrapper.log_eval_metrics] Accuracy(layer_3 - estimator_0 - 5_folds.train_4.predict)=99.88%
[ 2018-02-20 13:20:41,413][kfold_wrapper.log_eval_metrics] Accuracy(layer_3 - estimator_0 - 5_folds.train_cv.predict)=99.81%
[ 2018-02-20 13:20:42,193][kfold_wrapper.log_eval_metrics] Accuracy(layer_3 - estimator_1 - 5_folds.train_0.predict)=99.88%
[ 2018-02-20 13:20:42,995][kfold_wrapper.log_eval_metrics] Accuracy(layer_3 - estimator_1 - 5_folds.train_1.predict)=99.76%
[ 2018-02-20 13:20:43,770][kfold_wrapper.log_eval_metrics] Accuracy(layer_3 - estimator_1 - 5_folds.train_2.predict)=99.82%
[ 2018-02-20 13:20:44,597][kfold_wrapper.log_eval_metrics] Accuracy(layer_3 - estimator_1 - 5_folds.train_3.predict)=99.82%
[ 2018-02-20 13:20:45,391][kfold_wrapper.log_eval_metrics] Accuracy(layer_3 - estimator_1 - 5_folds.train_4.predict)=99.82%
[ 2018-02-20 13:20:45,392][kfold_wrapper.log_eval_metrics] Accuracy(layer_3 - estimator_1 - 5_folds.train_cv.predict)=99.82%
[ 2018-02-20 13:20:46,085][kfold_wrapper.log_eval_metrics] Accuracy(layer_3 - estimator_2 - 5_folds.train_0.predict)=99.76%
[ 2018-02-20 13:20:46,835][kfold_wrapper.log_eval_metrics] Accuracy(layer_3 - estimator_2 - 5_folds.train_1.predict)=99.82%
[ 2018-02-20 13:20:47,536][kfold_wrapper.log_eval_metrics] Accuracy(layer_3 - estimator_2 - 5_folds.train_2.predict)=99.94%
[ 2018-02-20 13:20:48,250][kfold_wrapper.log_eval_metrics] Accuracy(layer_3 - estimator_2 - 5_folds.train_3.predict)=99.71%
[ 2018-02-20 13:20:48,917][kfold_wrapper.log_eval_metrics] Accuracy(layer_3 - estimator_2 - 5_folds.train_4.predict)=99.94%
[ 2018-02-20 13:20:48,919][kfold_wrapper.log_eval_metrics] Accuracy(layer_3 - estimator_2 - 5_folds.train_cv.predict)=99.84%
[ 2018-02-20 13:21:01,920][kfold_wrapper.log_eval_metrics] Accuracy(layer_3 - estimator_3 - 5_folds.train_0.predict)=99.94%
[ 2018-02-20 13:21:14,336][kfold_wrapper.log_eval_metrics] Accuracy(layer_3 - estimator_3 - 5_folds.train_1.predict)=99.82%
[ 2018-02-20 13:21:27,199][kfold_wrapper.log_eval_metrics] Accuracy(layer_3 - estimator_3 - 5_folds.train_2.predict)=99.94%
[ 2018-02-20 13:21:39,929][kfold_wrapper.log_eval_metrics] Accuracy(layer_3 - estimator_3 - 5_folds.train_3.predict)=99.82%
[ 2018-02-20 13:21:52,457][kfold_wrapper.log_eval_metrics] Accuracy(layer_3 - estimator_3 - 5_folds.train_4.predict)=99.71%
[ 2018-02-20 13:21:52,458][kfold_wrapper.log_eval_metrics] Accuracy(layer_3 - estimator_3 - 5_folds.train_cv.predict)=99.85%
[ 2018-02-20 13:21:52,459][cascade_classifier.calc_accuracy] Accuracy(layer_3 - train.classifier_average)=99.84%
[ 2018-02-20 13:21:52,620][cascade_classifier.fit_transform] [layer=4] look_indexs=[0], X_cur_train.shape=(8500, 5196), X_cur_test.shape=(0, 5196)
[ 2018-02-20 13:22:52,058][kfold_wrapper.log_eval_metrics] Accuracy(layer_4 - estimator_0 - 5_folds.train_0.predict)=99.76%
[ 2018-02-20 13:23:58,795][kfold_wrapper.log_eval_metrics] Accuracy(layer_4 - estimator_0 - 5_folds.train_1.predict)=99.82%
[ 2018-02-20 13:25:06,554][kfold_wrapper.log_eval_metrics] Accuracy(layer_4 - estimator_0 - 5_folds.train_2.predict)=99.76%
[ 2018-02-20 13:26:08,198][kfold_wrapper.log_eval_metrics] Accuracy(layer_4 - estimator_0 - 5_folds.train_3.predict)=99.71%
[ 2018-02-20 13:27:13,544][kfold_wrapper.log_eval_metrics] Accuracy(layer_4 - estimator_0 - 5_folds.train_4.predict)=99.94%
[ 2018-02-20 13:27:13,545][kfold_wrapper.log_eval_metrics] Accuracy(layer_4 - estimator_0 - 5_folds.train_cv.predict)=99.80%
[ 2018-02-20 13:27:14,433][kfold_wrapper.log_eval_metrics] Accuracy(layer_4 - estimator_1 - 5_folds.train_0.predict)=99.71%
[ 2018-02-20 13:27:15,330][kfold_wrapper.log_eval_metrics] Accuracy(layer_4 - estimator_1 - 5_folds.train_1.predict)=99.76%
[ 2018-02-20 13:27:16,243][kfold_wrapper.log_eval_metrics] Accuracy(layer_4 - estimator_1 - 5_folds.train_2.predict)=99.59%
[ 2018-02-20 13:27:17,150][kfold_wrapper.log_eval_metrics] Accuracy(layer_4 - estimator_1 - 5_folds.train_3.predict)=99.88%
[ 2018-02-20 13:27:18,056][kfold_wrapper.log_eval_metrics] Accuracy(layer_4 - estimator_1 - 5_folds.train_4.predict)=99.82%
[ 2018-02-20 13:27:18,057][kfold_wrapper.log_eval_metrics] Accuracy(layer_4 - estimator_1 - 5_folds.train_cv.predict)=99.75%
[ 2018-02-20 13:27:18,772][kfold_wrapper.log_eval_metrics] Accuracy(layer_4 - estimator_2 - 5_folds.train_0.predict)=99.94%
[ 2018-02-20 13:27:19,483][kfold_wrapper.log_eval_metrics] Accuracy(layer_4 - estimator_2 - 5_folds.train_1.predict)=99.94%
[ 2018-02-20 13:27:20,187][kfold_wrapper.log_eval_metrics] Accuracy(layer_4 - estimator_2 - 5_folds.train_2.predict)=99.76%
[ 2018-02-20 13:27:20,894][kfold_wrapper.log_eval_metrics] Accuracy(layer_4 - estimator_2 - 5_folds.train_3.predict)=99.82%
[ 2018-02-20 13:27:21,627][kfold_wrapper.log_eval_metrics] Accuracy(layer_4 - estimator_2 - 5_folds.train_4.predict)=99.76%
[ 2018-02-20 13:27:21,629][kfold_wrapper.log_eval_metrics] Accuracy(layer_4 - estimator_2 - 5_folds.train_cv.predict)=99.85%
[ 2018-02-20 13:27:35,078][kfold_wrapper.log_eval_metrics] Accuracy(layer_4 - estimator_3 - 5_folds.train_0.predict)=99.94%
[ 2018-02-20 13:27:48,528][kfold_wrapper.log_eval_metrics] Accuracy(layer_4 - estimator_3 - 5_folds.train_1.predict)=99.82%
[ 2018-02-20 13:28:01,690][kfold_wrapper.log_eval_metrics] Accuracy(layer_4 - estimator_3 - 5_folds.train_2.predict)=99.88%
[ 2018-02-20 13:28:14,983][kfold_wrapper.log_eval_metrics] Accuracy(layer_4 - estimator_3 - 5_folds.train_3.predict)=99.71%
[ 2018-02-20 13:28:27,981][kfold_wrapper.log_eval_metrics] Accuracy(layer_4 - estimator_3 - 5_folds.train_4.predict)=99.76%
[ 2018-02-20 13:28:27,983][kfold_wrapper.log_eval_metrics] Accuracy(layer_4 - estimator_3 - 5_folds.train_cv.predict)=99.82%
[ 2018-02-20 13:28:27,984][cascade_classifier.calc_accuracy] Accuracy(layer_4 - train.classifier_average)=99.81%
[ 2018-02-20 13:28:28,151][cascade_classifier.fit_transform] [layer=5] look_indexs=[0], X_cur_train.shape=(8500, 5196), X_cur_test.shape=(0, 5196)
[ 2018-02-20 13:29:29,789][kfold_wrapper.log_eval_metrics] Accuracy(layer_5 - estimator_0 - 5_folds.train_0.predict)=99.71%
[ 2018-02-20 13:30:38,296][kfold_wrapper.log_eval_metrics] Accuracy(layer_5 - estimator_0 - 5_folds.train_1.predict)=99.88%
[ 2018-02-20 13:31:50,053][kfold_wrapper.log_eval_metrics] Accuracy(layer_5 - estimator_0 - 5_folds.train_2.predict)=99.82%
[ 2018-02-20 13:33:00,856][kfold_wrapper.log_eval_metrics] Accuracy(layer_5 - estimator_0 - 5_folds.train_3.predict)=99.88%
[ 2018-02-20 13:34:11,838][kfold_wrapper.log_eval_metrics] Accuracy(layer_5 - estimator_0 - 5_folds.train_4.predict)=99.76%
[ 2018-02-20 13:34:11,839][kfold_wrapper.log_eval_metrics] Accuracy(layer_5 - estimator_0 - 5_folds.train_cv.predict)=99.81%
[ 2018-02-20 13:34:12,621][kfold_wrapper.log_eval_metrics] Accuracy(layer_5 - estimator_1 - 5_folds.train_0.predict)=99.82%
[ 2018-02-20 13:34:13,430][kfold_wrapper.log_eval_metrics] Accuracy(layer_5 - estimator_1 - 5_folds.train_1.predict)=99.71%
[ 2018-02-20 13:34:14,232][kfold_wrapper.log_eval_metrics] Accuracy(layer_5 - estimator_1 - 5_folds.train_2.predict)=99.88%
[ 2018-02-20 13:34:15,036][kfold_wrapper.log_eval_metrics] Accuracy(layer_5 - estimator_1 - 5_folds.train_3.predict)=99.76%
[ 2018-02-20 13:34:15,847][kfold_wrapper.log_eval_metrics] Accuracy(layer_5 - estimator_1 - 5_folds.train_4.predict)=99.88%
[ 2018-02-20 13:34:15,849][kfold_wrapper.log_eval_metrics] Accuracy(layer_5 - estimator_1 - 5_folds.train_cv.predict)=99.81%
[ 2018-02-20 13:34:16,575][kfold_wrapper.log_eval_metrics] Accuracy(layer_5 - estimator_2 - 5_folds.train_0.predict)=99.88%
[ 2018-02-20 13:34:17,275][kfold_wrapper.log_eval_metrics] Accuracy(layer_5 - estimator_2 - 5_folds.train_1.predict)=99.76%
[ 2018-02-20 13:34:17,993][kfold_wrapper.log_eval_metrics] Accuracy(layer_5 - estimator_2 - 5_folds.train_2.predict)=99.76%
[ 2018-02-20 13:34:18,656][kfold_wrapper.log_eval_metrics] Accuracy(layer_5 - estimator_2 - 5_folds.train_3.predict)=99.94%
[ 2018-02-20 13:34:19,341][kfold_wrapper.log_eval_metrics] Accuracy(layer_5 - estimator_2 - 5_folds.train_4.predict)=99.88%
[ 2018-02-20 13:34:19,345][kfold_wrapper.log_eval_metrics] Accuracy(layer_5 - estimator_2 - 5_folds.train_cv.predict)=99.85%
[ 2018-02-20 13:34:32,279][kfold_wrapper.log_eval_metrics] Accuracy(layer_5 - estimator_3 - 5_folds.train_0.predict)=99.82%
[ 2018-02-20 13:34:45,215][kfold_wrapper.log_eval_metrics] Accuracy(layer_5 - estimator_3 - 5_folds.train_1.predict)=99.76%
[ 2018-02-20 13:34:58,297][kfold_wrapper.log_eval_metrics] Accuracy(layer_5 - estimator_3 - 5_folds.train_2.predict)=99.88%
[ 2018-02-20 13:35:11,410][kfold_wrapper.log_eval_metrics] Accuracy(layer_5 - estimator_3 - 5_folds.train_3.predict)=99.82%
[ 2018-02-20 13:35:24,769][kfold_wrapper.log_eval_metrics] Accuracy(layer_5 - estimator_3 - 5_folds.train_4.predict)=99.76%
[ 2018-02-20 13:35:24,770][kfold_wrapper.log_eval_metrics] Accuracy(layer_5 - estimator_3 - 5_folds.train_cv.predict)=99.81%
[ 2018-02-20 13:35:24,771][cascade_classifier.calc_accuracy] Accuracy(layer_5 - train.classifier_average)=99.81%
[ 2018-02-20 13:35:24,772][cascade_classifier.fit_transform] [Result][Optimal Level Detected] opt_layer_num=3, accuracy_train=99.86%, accuracy_test=0.00%
[ 2018-02-20 13:44:27,055][cascade_classifier.fit_transform] X_groups_train.shape=[(2500, 1, 72, 24, 3)],y_train.shape=(2500,),X_groups_test.shape=no_test,y_test.shape=no_test
[ 2018-02-20 13:44:27,089][cascade_classifier.fit_transform] group_dims=[5184]
[ 2018-02-20 13:44:27,090][cascade_classifier.fit_transform] group_starts=[0]
[ 2018-02-20 13:44:27,090][cascade_classifier.fit_transform] group_ends=[5184]
[ 2018-02-20 13:44:27,091][cascade_classifier.fit_transform] X_train.shape=(2500, 5184),X_test.shape=(0, 5184)
[ 2018-02-20 13:44:27,123][cascade_classifier.fit_transform] [layer=0] look_indexs=[0], X_cur_train.shape=(2500, 5184), X_cur_test.shape=(0, 5184)
[ 2018-02-20 13:44:52,684][kfold_wrapper.log_eval_metrics] Accuracy(layer_0 - estimator_0 - 5_folds.train_0.predict)=95.61%
[ 2018-02-20 13:45:17,981][kfold_wrapper.log_eval_metrics] Accuracy(layer_0 - estimator_0 - 5_folds.train_1.predict)=93.81%
[ 2018-02-20 13:46:10,462][cascade_classifier.fit_transform] X_groups_train.shape=[(2500, 1, 72, 24, 3)],y_train.shape=(2500,),X_groups_test.shape=no_test,y_test.shape=no_test
[ 2018-02-20 13:46:10,496][cascade_classifier.fit_transform] group_dims=[5184]
[ 2018-02-20 13:46:10,496][cascade_classifier.fit_transform] group_starts=[0]
[ 2018-02-20 13:46:10,498][cascade_classifier.fit_transform] group_ends=[5184]
[ 2018-02-20 13:46:10,498][cascade_classifier.fit_transform] X_train.shape=(2500, 5184),X_test.shape=(0, 5184)
[ 2018-02-20 13:46:10,530][cascade_classifier.fit_transform] [layer=0] look_indexs=[0], X_cur_train.shape=(2500, 5184), X_cur_test.shape=(0, 5184)
[ 2018-02-20 13:46:35,918][kfold_wrapper.log_eval_metrics] Accuracy(layer_0 - estimator_0 - 5_folds.train_0.predict)=93.21%
[ 2018-02-20 13:47:01,578][kfold_wrapper.log_eval_metrics] Accuracy(layer_0 - estimator_0 - 5_folds.train_1.predict)=93.81%
[ 2018-02-20 13:47:27,620][kfold_wrapper.log_eval_metrics] Accuracy(layer_0 - estimator_0 - 5_folds.train_2.predict)=93.60%
[ 2018-02-20 13:47:53,392][kfold_wrapper.log_eval_metrics] Accuracy(layer_0 - estimator_0 - 5_folds.train_3.predict)=95.19%
[ 2018-02-20 13:48:19,158][kfold_wrapper.log_eval_metrics] Accuracy(layer_0 - estimator_0 - 5_folds.train_4.predict)=94.59%
[ 2018-02-20 13:48:19,159][kfold_wrapper.log_eval_metrics] Accuracy(layer_0 - estimator_0 - 5_folds.train_cv.predict)=94.08%
[ 2018-02-20 13:48:19,550][kfold_wrapper.log_eval_metrics] Accuracy(layer_0 - estimator_1 - 5_folds.train_0.predict)=98.40%
[ 2018-02-20 13:48:19,963][kfold_wrapper.log_eval_metrics] Accuracy(layer_0 - estimator_1 - 5_folds.train_1.predict)=98.00%
[ 2018-02-20 13:48:20,404][kfold_wrapper.log_eval_metrics] Accuracy(layer_0 - estimator_1 - 5_folds.train_2.predict)=97.80%
[ 2018-02-20 13:48:20,816][kfold_wrapper.log_eval_metrics] Accuracy(layer_0 - estimator_1 - 5_folds.train_3.predict)=98.00%
[ 2018-02-20 13:48:21,270][kfold_wrapper.log_eval_metrics] Accuracy(layer_0 - estimator_1 - 5_folds.train_4.predict)=97.80%
[ 2018-02-20 13:48:21,271][kfold_wrapper.log_eval_metrics] Accuracy(layer_0 - estimator_1 - 5_folds.train_cv.predict)=98.00%
[ 2018-02-20 13:48:21,559][kfold_wrapper.log_eval_metrics] Accuracy(layer_0 - estimator_2 - 5_folds.train_0.predict)=98.60%
[ 2018-02-20 13:48:21,891][kfold_wrapper.log_eval_metrics] Accuracy(layer_0 - estimator_2 - 5_folds.train_1.predict)=98.80%
[ 2018-02-20 13:48:22,188][kfold_wrapper.log_eval_metrics] Accuracy(layer_0 - estimator_2 - 5_folds.train_2.predict)=98.80%
[ 2018-02-20 13:48:22,480][kfold_wrapper.log_eval_metrics] Accuracy(layer_0 - estimator_2 - 5_folds.train_3.predict)=98.60%
[ 2018-02-20 13:48:22,762][kfold_wrapper.log_eval_metrics] Accuracy(layer_0 - estimator_2 - 5_folds.train_4.predict)=98.20%
[ 2018-02-20 13:48:22,764][kfold_wrapper.log_eval_metrics] Accuracy(layer_0 - estimator_2 - 5_folds.train_cv.predict)=98.60%
[ 2018-02-20 13:48:26,763][kfold_wrapper.log_eval_metrics] Accuracy(layer_0 - estimator_3 - 5_folds.train_0.predict)=99.40%
[ 2018-02-20 13:48:30,567][kfold_wrapper.log_eval_metrics] Accuracy(layer_0 - estimator_3 - 5_folds.train_1.predict)=98.20%
[ 2018-02-20 13:48:34,597][kfold_wrapper.log_eval_metrics] Accuracy(layer_0 - estimator_3 - 5_folds.train_2.predict)=100.00%
[ 2018-02-20 13:48:38,650][kfold_wrapper.log_eval_metrics] Accuracy(layer_0 - estimator_3 - 5_folds.train_3.predict)=99.60%
[ 2018-02-20 13:48:42,706][kfold_wrapper.log_eval_metrics] Accuracy(layer_0 - estimator_3 - 5_folds.train_4.predict)=99.80%
[ 2018-02-20 13:48:42,707][kfold_wrapper.log_eval_metrics] Accuracy(layer_0 - estimator_3 - 5_folds.train_cv.predict)=99.40%
[ 2018-02-20 13:48:42,708][cascade_classifier.calc_accuracy] Accuracy(layer_0 - train.classifier_average)=99.24%
[ 2018-02-20 13:48:42,752][cascade_classifier.fit_transform] [layer=1] look_indexs=[0], X_cur_train.shape=(2500, 5196), X_cur_test.shape=(0, 5196)
[ 2018-02-20 13:49:03,593][kfold_wrapper.log_eval_metrics] Accuracy(layer_1 - estimator_0 - 5_folds.train_0.predict)=99.40%
[ 2018-02-20 13:49:21,559][kfold_wrapper.log_eval_metrics] Accuracy(layer_1 - estimator_0 - 5_folds.train_1.predict)=98.40%
[ 2018-02-20 13:49:44,110][kfold_wrapper.log_eval_metrics] Accuracy(layer_1 - estimator_0 - 5_folds.train_2.predict)=100.00%
[ 2018-02-20 13:50:05,952][kfold_wrapper.log_eval_metrics] Accuracy(layer_1 - estimator_0 - 5_folds.train_3.predict)=99.80%
[ 2018-02-20 13:50:26,631][kfold_wrapper.log_eval_metrics] Accuracy(layer_1 - estimator_0 - 5_folds.train_4.predict)=99.40%
[ 2018-02-20 13:50:26,632][kfold_wrapper.log_eval_metrics] Accuracy(layer_1 - estimator_0 - 5_folds.train_cv.predict)=99.40%
[ 2018-02-20 13:50:26,923][kfold_wrapper.log_eval_metrics] Accuracy(layer_1 - estimator_1 - 5_folds.train_0.predict)=99.00%
[ 2018-02-20 13:50:27,261][kfold_wrapper.log_eval_metrics] Accuracy(layer_1 - estimator_1 - 5_folds.train_1.predict)=99.00%
[ 2018-02-20 13:50:27,567][kfold_wrapper.log_eval_metrics] Accuracy(layer_1 - estimator_1 - 5_folds.train_2.predict)=99.20%
[ 2018-02-20 13:50:27,914][kfold_wrapper.log_eval_metrics] Accuracy(layer_1 - estimator_1 - 5_folds.train_3.predict)=99.40%
[ 2018-02-20 13:50:28,249][kfold_wrapper.log_eval_metrics] Accuracy(layer_1 - estimator_1 - 5_folds.train_4.predict)=99.40%
[ 2018-02-20 13:50:28,250][kfold_wrapper.log_eval_metrics] Accuracy(layer_1 - estimator_1 - 5_folds.train_cv.predict)=99.20%
[ 2018-02-20 13:50:28,563][kfold_wrapper.log_eval_metrics] Accuracy(layer_1 - estimator_2 - 5_folds.train_0.predict)=99.60%
[ 2018-02-20 13:50:28,853][kfold_wrapper.log_eval_metrics] Accuracy(layer_1 - estimator_2 - 5_folds.train_1.predict)=99.80%
[ 2018-02-20 13:50:29,207][kfold_wrapper.log_eval_metrics] Accuracy(layer_1 - estimator_2 - 5_folds.train_2.predict)=99.00%
[ 2018-02-20 13:50:29,500][kfold_wrapper.log_eval_metrics] Accuracy(layer_1 - estimator_2 - 5_folds.train_3.predict)=98.80%
[ 2018-02-20 13:50:29,835][kfold_wrapper.log_eval_metrics] Accuracy(layer_1 - estimator_2 - 5_folds.train_4.predict)=99.40%
[ 2018-02-20 13:50:29,840][kfold_wrapper.log_eval_metrics] Accuracy(layer_1 - estimator_2 - 5_folds.train_cv.predict)=99.32%
[ 2018-02-20 13:50:33,526][kfold_wrapper.log_eval_metrics] Accuracy(layer_1 - estimator_3 - 5_folds.train_0.predict)=99.60%
[ 2018-02-20 13:50:37,130][kfold_wrapper.log_eval_metrics] Accuracy(layer_1 - estimator_3 - 5_folds.train_1.predict)=99.60%
[ 2018-02-20 13:50:40,802][kfold_wrapper.log_eval_metrics] Accuracy(layer_1 - estimator_3 - 5_folds.train_2.predict)=100.00%
[ 2018-02-20 13:50:44,119][kfold_wrapper.log_eval_metrics] Accuracy(layer_1 - estimator_3 - 5_folds.train_3.predict)=99.20%
[ 2018-02-20 13:50:47,658][kfold_wrapper.log_eval_metrics] Accuracy(layer_1 - estimator_3 - 5_folds.train_4.predict)=99.60%
[ 2018-02-20 13:50:47,659][kfold_wrapper.log_eval_metrics] Accuracy(layer_1 - estimator_3 - 5_folds.train_cv.predict)=99.60%
[ 2018-02-20 13:50:47,660][cascade_classifier.calc_accuracy] Accuracy(layer_1 - train.classifier_average)=99.76%
[ 2018-02-20 13:50:47,705][cascade_classifier.fit_transform] [layer=2] look_indexs=[0], X_cur_train.shape=(2500, 5196), X_cur_test.shape=(0, 5196)
[ 2018-02-20 13:51:06,420][kfold_wrapper.log_eval_metrics] Accuracy(layer_2 - estimator_0 - 5_folds.train_0.predict)=99.80%
[ 2018-02-20 13:51:24,948][kfold_wrapper.log_eval_metrics] Accuracy(layer_2 - estimator_0 - 5_folds.train_1.predict)=99.80%
[ 2018-02-20 13:51:44,933][kfold_wrapper.log_eval_metrics] Accuracy(layer_2 - estimator_0 - 5_folds.train_2.predict)=100.00%
[ 2018-02-20 13:52:01,055][kfold_wrapper.log_eval_metrics] Accuracy(layer_2 - estimator_0 - 5_folds.train_3.predict)=98.60%
[ 2018-02-20 13:52:18,071][kfold_wrapper.log_eval_metrics] Accuracy(layer_2 - estimator_0 - 5_folds.train_4.predict)=99.40%
[ 2018-02-20 13:52:18,071][kfold_wrapper.log_eval_metrics] Accuracy(layer_2 - estimator_0 - 5_folds.train_cv.predict)=99.52%
[ 2018-02-20 13:52:18,358][kfold_wrapper.log_eval_metrics] Accuracy(layer_2 - estimator_1 - 5_folds.train_0.predict)=99.20%
[ 2018-02-20 13:52:18,741][kfold_wrapper.log_eval_metrics] Accuracy(layer_2 - estimator_1 - 5_folds.train_1.predict)=99.20%
[ 2018-02-20 13:52:19,026][kfold_wrapper.log_eval_metrics] Accuracy(layer_2 - estimator_1 - 5_folds.train_2.predict)=99.60%
[ 2018-02-20 13:52:19,323][kfold_wrapper.log_eval_metrics] Accuracy(layer_2 - estimator_1 - 5_folds.train_3.predict)=99.40%
[ 2018-02-20 13:52:19,681][kfold_wrapper.log_eval_metrics] Accuracy(layer_2 - estimator_1 - 5_folds.train_4.predict)=99.40%
[ 2018-02-20 13:52:19,684][kfold_wrapper.log_eval_metrics] Accuracy(layer_2 - estimator_1 - 5_folds.train_cv.predict)=99.36%
[ 2018-02-20 13:52:20,027][kfold_wrapper.log_eval_metrics] Accuracy(layer_2 - estimator_2 - 5_folds.train_0.predict)=99.80%
[ 2018-02-20 13:52:20,308][kfold_wrapper.log_eval_metrics] Accuracy(layer_2 - estimator_2 - 5_folds.train_1.predict)=99.80%
[ 2018-02-20 13:52:20,590][kfold_wrapper.log_eval_metrics] Accuracy(layer_2 - estimator_2 - 5_folds.train_2.predict)=99.60%
[ 2018-02-20 13:52:20,885][kfold_wrapper.log_eval_metrics] Accuracy(layer_2 - estimator_2 - 5_folds.train_3.predict)=99.80%
[ 2018-02-20 13:52:21,215][kfold_wrapper.log_eval_metrics] Accuracy(layer_2 - estimator_2 - 5_folds.train_4.predict)=99.40%
[ 2018-02-20 13:52:21,216][kfold_wrapper.log_eval_metrics] Accuracy(layer_2 - estimator_2 - 5_folds.train_cv.predict)=99.68%
[ 2018-02-20 13:52:24,531][kfold_wrapper.log_eval_metrics] Accuracy(layer_2 - estimator_3 - 5_folds.train_0.predict)=99.40%
[ 2018-02-20 13:52:27,864][kfold_wrapper.log_eval_metrics] Accuracy(layer_2 - estimator_3 - 5_folds.train_1.predict)=99.60%
[ 2018-02-20 13:52:31,251][kfold_wrapper.log_eval_metrics] Accuracy(layer_2 - estimator_3 - 5_folds.train_2.predict)=99.40%
[ 2018-02-20 13:52:34,703][kfold_wrapper.log_eval_metrics] Accuracy(layer_2 - estimator_3 - 5_folds.train_3.predict)=99.60%
[ 2018-02-20 13:52:38,254][kfold_wrapper.log_eval_metrics] Accuracy(layer_2 - estimator_3 - 5_folds.train_4.predict)=100.00%
[ 2018-02-20 13:52:38,255][kfold_wrapper.log_eval_metrics] Accuracy(layer_2 - estimator_3 - 5_folds.train_cv.predict)=99.60%
[ 2018-02-20 13:52:38,256][cascade_classifier.calc_accuracy] Accuracy(layer_2 - train.classifier_average)=99.72%
[ 2018-02-20 13:52:38,299][cascade_classifier.fit_transform] [layer=3] look_indexs=[0], X_cur_train.shape=(2500, 5196), X_cur_test.shape=(0, 5196)
[ 2018-02-20 13:52:55,980][kfold_wrapper.log_eval_metrics] Accuracy(layer_3 - estimator_0 - 5_folds.train_0.predict)=99.60%
[ 2018-02-20 13:53:12,420][kfold_wrapper.log_eval_metrics] Accuracy(layer_3 - estimator_0 - 5_folds.train_1.predict)=99.40%
[ 2018-02-20 13:53:28,518][kfold_wrapper.log_eval_metrics] Accuracy(layer_3 - estimator_0 - 5_folds.train_2.predict)=99.80%
[ 2018-02-20 13:53:46,538][kfold_wrapper.log_eval_metrics] Accuracy(layer_3 - estimator_0 - 5_folds.train_3.predict)=99.20%
[ 2018-02-20 13:54:04,044][kfold_wrapper.log_eval_metrics] Accuracy(layer_3 - estimator_0 - 5_folds.train_4.predict)=99.80%
[ 2018-02-20 13:54:04,045][kfold_wrapper.log_eval_metrics] Accuracy(layer_3 - estimator_0 - 5_folds.train_cv.predict)=99.56%
[ 2018-02-20 13:54:04,338][kfold_wrapper.log_eval_metrics] Accuracy(layer_3 - estimator_1 - 5_folds.train_0.predict)=99.40%
[ 2018-02-20 13:54:04,645][kfold_wrapper.log_eval_metrics] Accuracy(layer_3 - estimator_1 - 5_folds.train_1.predict)=99.80%
[ 2018-02-20 13:54:04,975][kfold_wrapper.log_eval_metrics] Accuracy(layer_3 - estimator_1 - 5_folds.train_2.predict)=99.80%
[ 2018-02-20 13:54:05,436][kfold_wrapper.log_eval_metrics] Accuracy(layer_3 - estimator_1 - 5_folds.train_3.predict)=99.60%
[ 2018-02-20 13:54:05,737][kfold_wrapper.log_eval_metrics] Accuracy(layer_3 - estimator_1 - 5_folds.train_4.predict)=99.20%
[ 2018-02-20 13:54:05,738][kfold_wrapper.log_eval_metrics] Accuracy(layer_3 - estimator_1 - 5_folds.train_cv.predict)=99.56%
[ 2018-02-20 13:54:06,037][kfold_wrapper.log_eval_metrics] Accuracy(layer_3 - estimator_2 - 5_folds.train_0.predict)=100.00%
[ 2018-02-20 13:54:06,371][kfold_wrapper.log_eval_metrics] Accuracy(layer_3 - estimator_2 - 5_folds.train_1.predict)=99.00%
[ 2018-02-20 13:54:06,700][kfold_wrapper.log_eval_metrics] Accuracy(layer_3 - estimator_2 - 5_folds.train_2.predict)=99.80%
[ 2018-02-20 13:54:07,000][kfold_wrapper.log_eval_metrics] Accuracy(layer_3 - estimator_2 - 5_folds.train_3.predict)=99.60%
[ 2018-02-20 13:54:07,317][kfold_wrapper.log_eval_metrics] Accuracy(layer_3 - estimator_2 - 5_folds.train_4.predict)=99.60%
[ 2018-02-20 13:54:07,320][kfold_wrapper.log_eval_metrics] Accuracy(layer_3 - estimator_2 - 5_folds.train_cv.predict)=99.60%
[ 2018-02-20 13:54:10,821][kfold_wrapper.log_eval_metrics] Accuracy(layer_3 - estimator_3 - 5_folds.train_0.predict)=99.40%
[ 2018-02-20 13:54:14,317][kfold_wrapper.log_eval_metrics] Accuracy(layer_3 - estimator_3 - 5_folds.train_1.predict)=99.60%
[ 2018-02-20 13:54:17,643][kfold_wrapper.log_eval_metrics] Accuracy(layer_3 - estimator_3 - 5_folds.train_2.predict)=99.60%
[ 2018-02-20 13:54:20,944][kfold_wrapper.log_eval_metrics] Accuracy(layer_3 - estimator_3 - 5_folds.train_3.predict)=99.80%
[ 2018-02-20 13:54:24,250][kfold_wrapper.log_eval_metrics] Accuracy(layer_3 - estimator_3 - 5_folds.train_4.predict)=99.80%
[ 2018-02-20 13:54:24,251][kfold_wrapper.log_eval_metrics] Accuracy(layer_3 - estimator_3 - 5_folds.train_cv.predict)=99.64%
[ 2018-02-20 13:54:24,252][cascade_classifier.calc_accuracy] Accuracy(layer_3 - train.classifier_average)=99.76%
[ 2018-02-20 13:54:24,295][cascade_classifier.fit_transform] [layer=4] look_indexs=[0], X_cur_train.shape=(2500, 5196), X_cur_test.shape=(0, 5196)
[ 2018-02-20 13:54:41,291][kfold_wrapper.log_eval_metrics] Accuracy(layer_4 - estimator_0 - 5_folds.train_0.predict)=99.80%
[ 2018-02-20 13:54:57,273][kfold_wrapper.log_eval_metrics] Accuracy(layer_4 - estimator_0 - 5_folds.train_1.predict)=99.20%
[ 2018-02-20 13:55:15,665][kfold_wrapper.log_eval_metrics] Accuracy(layer_4 - estimator_0 - 5_folds.train_2.predict)=99.80%
[ 2018-02-20 13:55:34,361][kfold_wrapper.log_eval_metrics] Accuracy(layer_4 - estimator_0 - 5_folds.train_3.predict)=100.00%
[ 2018-02-20 13:55:51,798][kfold_wrapper.log_eval_metrics] Accuracy(layer_4 - estimator_0 - 5_folds.train_4.predict)=99.60%
[ 2018-02-20 13:55:51,799][kfold_wrapper.log_eval_metrics] Accuracy(layer_4 - estimator_0 - 5_folds.train_cv.predict)=99.68%
[ 2018-02-20 13:55:52,202][kfold_wrapper.log_eval_metrics] Accuracy(layer_4 - estimator_1 - 5_folds.train_0.predict)=99.00%
[ 2018-02-20 13:55:52,491][kfold_wrapper.log_eval_metrics] Accuracy(layer_4 - estimator_1 - 5_folds.train_1.predict)=99.80%
[ 2018-02-20 13:55:52,785][kfold_wrapper.log_eval_metrics] Accuracy(layer_4 - estimator_1 - 5_folds.train_2.predict)=100.00%
[ 2018-02-20 13:55:53,090][kfold_wrapper.log_eval_metrics] Accuracy(layer_4 - estimator_1 - 5_folds.train_3.predict)=99.20%
[ 2018-02-20 13:55:53,520][kfold_wrapper.log_eval_metrics] Accuracy(layer_4 - estimator_1 - 5_folds.train_4.predict)=99.60%
[ 2018-02-20 13:55:53,524][kfold_wrapper.log_eval_metrics] Accuracy(layer_4 - estimator_1 - 5_folds.train_cv.predict)=99.52%
[ 2018-02-20 13:55:53,858][kfold_wrapper.log_eval_metrics] Accuracy(layer_4 - estimator_2 - 5_folds.train_0.predict)=99.40%
[ 2018-02-20 13:55:54,147][kfold_wrapper.log_eval_metrics] Accuracy(layer_4 - estimator_2 - 5_folds.train_1.predict)=99.40%
[ 2018-02-20 13:55:54,448][kfold_wrapper.log_eval_metrics] Accuracy(layer_4 - estimator_2 - 5_folds.train_2.predict)=99.80%
[ 2018-02-20 13:55:54,776][kfold_wrapper.log_eval_metrics] Accuracy(layer_4 - estimator_2 - 5_folds.train_3.predict)=99.20%
[ 2018-02-20 13:55:55,059][kfold_wrapper.log_eval_metrics] Accuracy(layer_4 - estimator_2 - 5_folds.train_4.predict)=99.40%
[ 2018-02-20 13:55:55,060][kfold_wrapper.log_eval_metrics] Accuracy(layer_4 - estimator_2 - 5_folds.train_cv.predict)=99.44%
[ 2018-02-20 13:55:58,592][kfold_wrapper.log_eval_metrics] Accuracy(layer_4 - estimator_3 - 5_folds.train_0.predict)=100.00%
[ 2018-02-20 13:56:01,971][kfold_wrapper.log_eval_metrics] Accuracy(layer_4 - estimator_3 - 5_folds.train_1.predict)=99.60%
[ 2018-02-20 13:56:05,332][kfold_wrapper.log_eval_metrics] Accuracy(layer_4 - estimator_3 - 5_folds.train_2.predict)=99.40%
[ 2018-02-20 13:56:08,516][kfold_wrapper.log_eval_metrics] Accuracy(layer_4 - estimator_3 - 5_folds.train_3.predict)=99.20%
[ 2018-02-20 13:56:11,868][kfold_wrapper.log_eval_metrics] Accuracy(layer_4 - estimator_3 - 5_folds.train_4.predict)=99.60%
[ 2018-02-20 13:56:11,869][kfold_wrapper.log_eval_metrics] Accuracy(layer_4 - estimator_3 - 5_folds.train_cv.predict)=99.56%
[ 2018-02-20 13:56:11,870][cascade_classifier.calc_accuracy] Accuracy(layer_4 - train.classifier_average)=99.76%
[ 2018-02-20 13:56:11,870][cascade_classifier.fit_transform] [Result][Optimal Level Detected] opt_layer_num=2, accuracy_train=99.76%, accuracy_test=0.00%
[ 2018-02-20 14:00:22,753][cascade_classifier.fit_transform] X_groups_train.shape=[(2500, 1, 72, 24, 3)],y_train.shape=(2500,),X_groups_test.shape=no_test,y_test.shape=no_test
[ 2018-02-20 14:00:22,787][cascade_classifier.fit_transform] group_dims=[5184]
[ 2018-02-20 14:00:22,788][cascade_classifier.fit_transform] group_starts=[0]
[ 2018-02-20 14:00:22,788][cascade_classifier.fit_transform] group_ends=[5184]
[ 2018-02-20 14:00:22,789][cascade_classifier.fit_transform] X_train.shape=(2500, 5184),X_test.shape=(0, 5184)
[ 2018-02-20 14:00:22,820][cascade_classifier.fit_transform] [layer=0] look_indexs=[0], X_cur_train.shape=(2500, 5184), X_cur_test.shape=(0, 5184)
[ 2018-02-20 14:00:47,979][kfold_wrapper.log_eval_metrics] Accuracy(layer_0 - estimator_0 - 5_folds.train_0.predict)=94.21%
[ 2018-02-20 14:01:13,474][kfold_wrapper.log_eval_metrics] Accuracy(layer_0 - estimator_0 - 5_folds.train_1.predict)=92.42%
[ 2018-02-20 14:01:38,615][kfold_wrapper.log_eval_metrics] Accuracy(layer_0 - estimator_0 - 5_folds.train_2.predict)=92.80%
[ 2018-02-20 14:02:04,024][kfold_wrapper.log_eval_metrics] Accuracy(layer_0 - estimator_0 - 5_folds.train_3.predict)=94.40%
[ 2018-02-20 14:02:29,297][kfold_wrapper.log_eval_metrics] Accuracy(layer_0 - estimator_0 - 5_folds.train_4.predict)=93.98%
[ 2018-02-20 14:02:29,298][kfold_wrapper.log_eval_metrics] Accuracy(layer_0 - estimator_0 - 5_folds.train_cv.predict)=93.56%
[ 2018-02-20 14:02:29,699][kfold_wrapper.log_eval_metrics] Accuracy(layer_0 - estimator_1 - 5_folds.train_0.predict)=98.80%
[ 2018-02-20 14:02:30,129][kfold_wrapper.log_eval_metrics] Accuracy(layer_0 - estimator_1 - 5_folds.train_1.predict)=97.41%
[ 2018-02-20 14:02:30,565][kfold_wrapper.log_eval_metrics] Accuracy(layer_0 - estimator_1 - 5_folds.train_2.predict)=97.60%
[ 2018-02-20 14:02:31,006][kfold_wrapper.log_eval_metrics] Accuracy(layer_0 - estimator_1 - 5_folds.train_3.predict)=97.40%
[ 2018-02-20 14:02:31,407][kfold_wrapper.log_eval_metrics] Accuracy(layer_0 - estimator_1 - 5_folds.train_4.predict)=97.19%
[ 2018-02-20 14:02:31,408][kfold_wrapper.log_eval_metrics] Accuracy(layer_0 - estimator_1 - 5_folds.train_cv.predict)=97.68%
[ 2018-02-20 14:02:31,822][kfold_wrapper.log_eval_metrics] Accuracy(layer_0 - estimator_2 - 5_folds.train_0.predict)=98.20%
[ 2018-02-20 14:02:32,251][kfold_wrapper.log_eval_metrics] Accuracy(layer_0 - estimator_2 - 5_folds.train_1.predict)=98.40%
[ 2018-02-20 14:02:32,648][kfold_wrapper.log_eval_metrics] Accuracy(layer_0 - estimator_2 - 5_folds.train_2.predict)=99.00%
[ 2018-02-20 14:02:32,974][kfold_wrapper.log_eval_metrics] Accuracy(layer_0 - estimator_2 - 5_folds.train_3.predict)=99.00%
[ 2018-02-20 14:02:33,428][kfold_wrapper.log_eval_metrics] Accuracy(layer_0 - estimator_2 - 5_folds.train_4.predict)=98.39%
[ 2018-02-20 14:02:33,431][kfold_wrapper.log_eval_metrics] Accuracy(layer_0 - estimator_2 - 5_folds.train_cv.predict)=98.60%
[ 2018-02-20 14:02:37,272][kfold_wrapper.log_eval_metrics] Accuracy(layer_0 - estimator_3 - 5_folds.train_0.predict)=98.80%
[ 2018-02-20 14:02:41,288][kfold_wrapper.log_eval_metrics] Accuracy(layer_0 - estimator_3 - 5_folds.train_1.predict)=99.60%
[ 2018-02-20 14:02:45,218][kfold_wrapper.log_eval_metrics] Accuracy(layer_0 - estimator_3 - 5_folds.train_2.predict)=99.00%
[ 2018-02-20 14:02:49,269][kfold_wrapper.log_eval_metrics] Accuracy(layer_0 - estimator_3 - 5_folds.train_3.predict)=99.20%
[ 2018-02-20 14:02:53,412][kfold_wrapper.log_eval_metrics] Accuracy(layer_0 - estimator_3 - 5_folds.train_4.predict)=99.20%
[ 2018-02-20 14:02:53,414][kfold_wrapper.log_eval_metrics] Accuracy(layer_0 - estimator_3 - 5_folds.train_cv.predict)=99.16%
[ 2018-02-20 14:02:53,415][cascade_classifier.calc_accuracy] Accuracy(layer_0 - train.classifier_average)=99.28%
[ 2018-02-20 14:02:53,462][cascade_classifier.fit_transform] [layer=1] look_indexs=[0], X_cur_train.shape=(2500, 5196), X_cur_test.shape=(0, 5196)
[ 2018-02-20 14:03:12,645][kfold_wrapper.log_eval_metrics] Accuracy(layer_1 - estimator_0 - 5_folds.train_0.predict)=99.40%
[ 2018-02-20 14:03:33,372][kfold_wrapper.log_eval_metrics] Accuracy(layer_1 - estimator_0 - 5_folds.train_1.predict)=98.40%
[ 2018-02-20 14:03:51,607][kfold_wrapper.log_eval_metrics] Accuracy(layer_1 - estimator_0 - 5_folds.train_2.predict)=99.00%
[ 2018-02-20 14:04:12,360][kfold_wrapper.log_eval_metrics] Accuracy(layer_1 - estimator_0 - 5_folds.train_3.predict)=99.60%
[ 2018-02-20 14:04:33,320][kfold_wrapper.log_eval_metrics] Accuracy(layer_1 - estimator_0 - 5_folds.train_4.predict)=99.60%
[ 2018-02-20 14:04:33,321][kfold_wrapper.log_eval_metrics] Accuracy(layer_1 - estimator_0 - 5_folds.train_cv.predict)=99.20%
[ 2018-02-20 14:04:33,614][kfold_wrapper.log_eval_metrics] Accuracy(layer_1 - estimator_1 - 5_folds.train_0.predict)=99.20%
[ 2018-02-20 14:04:33,968][kfold_wrapper.log_eval_metrics] Accuracy(layer_1 - estimator_1 - 5_folds.train_1.predict)=99.00%
[ 2018-02-20 14:04:34,307][kfold_wrapper.log_eval_metrics] Accuracy(layer_1 - estimator_1 - 5_folds.train_2.predict)=98.40%
[ 2018-02-20 14:04:34,640][kfold_wrapper.log_eval_metrics] Accuracy(layer_1 - estimator_1 - 5_folds.train_3.predict)=98.40%
[ 2018-02-20 14:04:34,985][kfold_wrapper.log_eval_metrics] Accuracy(layer_1 - estimator_1 - 5_folds.train_4.predict)=98.80%
[ 2018-02-20 14:04:34,987][kfold_wrapper.log_eval_metrics] Accuracy(layer_1 - estimator_1 - 5_folds.train_cv.predict)=98.76%
[ 2018-02-20 14:04:35,316][kfold_wrapper.log_eval_metrics] Accuracy(layer_1 - estimator_2 - 5_folds.train_0.predict)=99.40%
[ 2018-02-20 14:04:35,648][kfold_wrapper.log_eval_metrics] Accuracy(layer_1 - estimator_2 - 5_folds.train_1.predict)=99.00%
[ 2018-02-20 14:04:35,975][kfold_wrapper.log_eval_metrics] Accuracy(layer_1 - estimator_2 - 5_folds.train_2.predict)=99.20%
[ 2018-02-20 14:04:36,309][kfold_wrapper.log_eval_metrics] Accuracy(layer_1 - estimator_2 - 5_folds.train_3.predict)=99.40%
[ 2018-02-20 14:04:36,614][kfold_wrapper.log_eval_metrics] Accuracy(layer_1 - estimator_2 - 5_folds.train_4.predict)=99.40%
[ 2018-02-20 14:04:36,616][kfold_wrapper.log_eval_metrics] Accuracy(layer_1 - estimator_2 - 5_folds.train_cv.predict)=99.28%
[ 2018-02-20 14:04:40,473][kfold_wrapper.log_eval_metrics] Accuracy(layer_1 - estimator_3 - 5_folds.train_0.predict)=99.00%
[ 2018-02-20 14:04:44,149][kfold_wrapper.log_eval_metrics] Accuracy(layer_1 - estimator_3 - 5_folds.train_1.predict)=99.40%
[ 2018-02-20 14:04:47,874][kfold_wrapper.log_eval_metrics] Accuracy(layer_1 - estimator_3 - 5_folds.train_2.predict)=100.00%
[ 2018-02-20 14:04:51,513][kfold_wrapper.log_eval_metrics] Accuracy(layer_1 - estimator_3 - 5_folds.train_3.predict)=99.00%
[ 2018-02-20 14:04:55,232][kfold_wrapper.log_eval_metrics] Accuracy(layer_1 - estimator_3 - 5_folds.train_4.predict)=99.60%
[ 2018-02-20 14:04:55,233][kfold_wrapper.log_eval_metrics] Accuracy(layer_1 - estimator_3 - 5_folds.train_cv.predict)=99.40%
[ 2018-02-20 14:04:55,235][cascade_classifier.calc_accuracy] Accuracy(layer_1 - train.classifier_average)=99.44%
[ 2018-02-20 14:04:55,281][cascade_classifier.fit_transform] [layer=2] look_indexs=[0], X_cur_train.shape=(2500, 5196), X_cur_test.shape=(0, 5196)
[ 2018-02-20 14:05:13,597][kfold_wrapper.log_eval_metrics] Accuracy(layer_2 - estimator_0 - 5_folds.train_0.predict)=99.40%
[ 2018-02-20 14:05:32,818][kfold_wrapper.log_eval_metrics] Accuracy(layer_2 - estimator_0 - 5_folds.train_1.predict)=98.60%
[ 2018-02-20 14:05:51,659][kfold_wrapper.log_eval_metrics] Accuracy(layer_2 - estimator_0 - 5_folds.train_2.predict)=99.20%
[ 2018-02-20 14:06:10,926][kfold_wrapper.log_eval_metrics] Accuracy(layer_2 - estimator_0 - 5_folds.train_3.predict)=99.20%
[ 2018-02-20 14:06:28,991][kfold_wrapper.log_eval_metrics] Accuracy(layer_2 - estimator_0 - 5_folds.train_4.predict)=99.00%
[ 2018-02-20 14:06:28,992][kfold_wrapper.log_eval_metrics] Accuracy(layer_2 - estimator_0 - 5_folds.train_cv.predict)=99.08%
[ 2018-02-20 14:06:29,285][kfold_wrapper.log_eval_metrics] Accuracy(layer_2 - estimator_1 - 5_folds.train_0.predict)=99.00%
[ 2018-02-20 14:06:29,587][kfold_wrapper.log_eval_metrics] Accuracy(layer_2 - estimator_1 - 5_folds.train_1.predict)=99.00%
[ 2018-02-20 14:06:29,923][kfold_wrapper.log_eval_metrics] Accuracy(layer_2 - estimator_1 - 5_folds.train_2.predict)=99.40%
[ 2018-02-20 14:06:30,271][kfold_wrapper.log_eval_metrics] Accuracy(layer_2 - estimator_1 - 5_folds.train_3.predict)=99.20%
[ 2018-02-20 14:06:30,589][kfold_wrapper.log_eval_metrics] Accuracy(layer_2 - estimator_1 - 5_folds.train_4.predict)=99.60%
[ 2018-02-20 14:06:30,592][kfold_wrapper.log_eval_metrics] Accuracy(layer_2 - estimator_1 - 5_folds.train_cv.predict)=99.24%
[ 2018-02-20 14:06:30,946][kfold_wrapper.log_eval_metrics] Accuracy(layer_2 - estimator_2 - 5_folds.train_0.predict)=99.40%
[ 2018-02-20 14:06:31,291][kfold_wrapper.log_eval_metrics] Accuracy(layer_2 - estimator_2 - 5_folds.train_1.predict)=99.20%
[ 2018-02-20 14:06:31,626][kfold_wrapper.log_eval_metrics] Accuracy(layer_2 - estimator_2 - 5_folds.train_2.predict)=99.00%
[ 2018-02-20 14:06:31,972][kfold_wrapper.log_eval_metrics] Accuracy(layer_2 - estimator_2 - 5_folds.train_3.predict)=99.00%
[ 2018-02-20 14:06:32,318][kfold_wrapper.log_eval_metrics] Accuracy(layer_2 - estimator_2 - 5_folds.train_4.predict)=99.60%
[ 2018-02-20 14:06:32,323][kfold_wrapper.log_eval_metrics] Accuracy(layer_2 - estimator_2 - 5_folds.train_cv.predict)=99.24%
[ 2018-02-20 14:06:36,074][kfold_wrapper.log_eval_metrics] Accuracy(layer_2 - estimator_3 - 5_folds.train_0.predict)=99.40%
[ 2018-02-20 14:06:39,614][kfold_wrapper.log_eval_metrics] Accuracy(layer_2 - estimator_3 - 5_folds.train_1.predict)=99.20%
[ 2018-02-20 14:06:43,199][kfold_wrapper.log_eval_metrics] Accuracy(layer_2 - estimator_3 - 5_folds.train_2.predict)=99.60%
[ 2018-02-20 14:06:46,849][kfold_wrapper.log_eval_metrics] Accuracy(layer_2 - estimator_3 - 5_folds.train_3.predict)=99.00%
[ 2018-02-20 14:06:50,547][kfold_wrapper.log_eval_metrics] Accuracy(layer_2 - estimator_3 - 5_folds.train_4.predict)=99.60%
[ 2018-02-20 14:06:50,548][kfold_wrapper.log_eval_metrics] Accuracy(layer_2 - estimator_3 - 5_folds.train_cv.predict)=99.36%
[ 2018-02-20 14:06:50,550][cascade_classifier.calc_accuracy] Accuracy(layer_2 - train.classifier_average)=99.32%
[ 2018-02-20 14:06:50,595][cascade_classifier.fit_transform] [layer=3] look_indexs=[0], X_cur_train.shape=(2500, 5196), X_cur_test.shape=(0, 5196)
[ 2018-02-20 14:07:09,960][kfold_wrapper.log_eval_metrics] Accuracy(layer_3 - estimator_0 - 5_folds.train_0.predict)=98.80%
[ 2018-02-20 14:07:28,791][kfold_wrapper.log_eval_metrics] Accuracy(layer_3 - estimator_0 - 5_folds.train_1.predict)=98.60%
[ 2018-02-20 14:07:48,314][kfold_wrapper.log_eval_metrics] Accuracy(layer_3 - estimator_0 - 5_folds.train_2.predict)=99.00%
[ 2018-02-20 14:08:07,655][kfold_wrapper.log_eval_metrics] Accuracy(layer_3 - estimator_0 - 5_folds.train_3.predict)=99.40%
[ 2018-02-20 14:08:28,143][kfold_wrapper.log_eval_metrics] Accuracy(layer_3 - estimator_0 - 5_folds.train_4.predict)=99.40%
[ 2018-02-20 14:08:28,144][kfold_wrapper.log_eval_metrics] Accuracy(layer_3 - estimator_0 - 5_folds.train_cv.predict)=99.04%
[ 2018-02-20 14:08:28,433][kfold_wrapper.log_eval_metrics] Accuracy(layer_3 - estimator_1 - 5_folds.train_0.predict)=99.80%
[ 2018-02-20 14:08:28,732][kfold_wrapper.log_eval_metrics] Accuracy(layer_3 - estimator_1 - 5_folds.train_1.predict)=98.60%
[ 2018-02-20 14:08:29,039][kfold_wrapper.log_eval_metrics] Accuracy(layer_3 - estimator_1 - 5_folds.train_2.predict)=97.60%
[ 2018-02-20 14:08:29,371][kfold_wrapper.log_eval_metrics] Accuracy(layer_3 - estimator_1 - 5_folds.train_3.predict)=99.80%
[ 2018-02-20 14:08:29,680][kfold_wrapper.log_eval_metrics] Accuracy(layer_3 - estimator_1 - 5_folds.train_4.predict)=97.99%
[ 2018-02-20 14:08:29,683][kfold_wrapper.log_eval_metrics] Accuracy(layer_3 - estimator_1 - 5_folds.train_cv.predict)=98.76%
[ 2018-02-20 14:08:30,010][kfold_wrapper.log_eval_metrics] Accuracy(layer_3 - estimator_2 - 5_folds.train_0.predict)=99.20%
[ 2018-02-20 14:08:30,303][kfold_wrapper.log_eval_metrics] Accuracy(layer_3 - estimator_2 - 5_folds.train_1.predict)=98.80%
[ 2018-02-20 14:08:30,645][kfold_wrapper.log_eval_metrics] Accuracy(layer_3 - estimator_2 - 5_folds.train_2.predict)=99.60%
[ 2018-02-20 14:08:30,995][kfold_wrapper.log_eval_metrics] Accuracy(layer_3 - estimator_2 - 5_folds.train_3.predict)=98.80%
[ 2018-02-20 14:08:31,345][kfold_wrapper.log_eval_metrics] Accuracy(layer_3 - estimator_2 - 5_folds.train_4.predict)=99.60%
[ 2018-02-20 14:08:31,347][kfold_wrapper.log_eval_metrics] Accuracy(layer_3 - estimator_2 - 5_folds.train_cv.predict)=99.20%
[ 2018-02-20 14:08:35,077][kfold_wrapper.log_eval_metrics] Accuracy(layer_3 - estimator_3 - 5_folds.train_0.predict)=99.40%
[ 2018-02-20 14:08:38,795][kfold_wrapper.log_eval_metrics] Accuracy(layer_3 - estimator_3 - 5_folds.train_1.predict)=99.60%
[ 2018-02-20 14:08:42,362][kfold_wrapper.log_eval_metrics] Accuracy(layer_3 - estimator_3 - 5_folds.train_2.predict)=99.60%
[ 2018-02-20 14:08:45,747][kfold_wrapper.log_eval_metrics] Accuracy(layer_3 - estimator_3 - 5_folds.train_3.predict)=98.80%
[ 2018-02-20 14:08:49,195][kfold_wrapper.log_eval_metrics] Accuracy(layer_3 - estimator_3 - 5_folds.train_4.predict)=99.20%
[ 2018-02-20 14:08:49,196][kfold_wrapper.log_eval_metrics] Accuracy(layer_3 - estimator_3 - 5_folds.train_cv.predict)=99.32%
[ 2018-02-20 14:08:49,197][cascade_classifier.calc_accuracy] Accuracy(layer_3 - train.classifier_average)=99.32%
[ 2018-02-20 14:08:49,248][cascade_classifier.fit_transform] [layer=4] look_indexs=[0], X_cur_train.shape=(2500, 5196), X_cur_test.shape=(0, 5196)
[ 2018-02-20 14:09:10,097][kfold_wrapper.log_eval_metrics] Accuracy(layer_4 - estimator_0 - 5_folds.train_0.predict)=99.20%
[ 2018-02-20 14:09:29,457][kfold_wrapper.log_eval_metrics] Accuracy(layer_4 - estimator_0 - 5_folds.train_1.predict)=99.20%
[ 2018-02-20 14:09:51,534][kfold_wrapper.log_eval_metrics] Accuracy(layer_4 - estimator_0 - 5_folds.train_2.predict)=99.40%
[ 2018-02-20 14:10:11,099][kfold_wrapper.log_eval_metrics] Accuracy(layer_4 - estimator_0 - 5_folds.train_3.predict)=99.20%
[ 2018-02-20 14:10:29,375][kfold_wrapper.log_eval_metrics] Accuracy(layer_4 - estimator_0 - 5_folds.train_4.predict)=98.59%
[ 2018-02-20 14:10:29,376][kfold_wrapper.log_eval_metrics] Accuracy(layer_4 - estimator_0 - 5_folds.train_cv.predict)=99.12%
[ 2018-02-20 14:10:29,788][kfold_wrapper.log_eval_metrics] Accuracy(layer_4 - estimator_1 - 5_folds.train_0.predict)=99.40%
[ 2018-02-20 14:10:30,211][kfold_wrapper.log_eval_metrics] Accuracy(layer_4 - estimator_1 - 5_folds.train_1.predict)=99.20%
[ 2018-02-20 14:10:30,530][kfold_wrapper.log_eval_metrics] Accuracy(layer_4 - estimator_1 - 5_folds.train_2.predict)=98.80%
[ 2018-02-20 14:10:31,022][kfold_wrapper.log_eval_metrics] Accuracy(layer_4 - estimator_1 - 5_folds.train_3.predict)=98.60%
[ 2018-02-20 14:10:31,351][kfold_wrapper.log_eval_metrics] Accuracy(layer_4 - estimator_1 - 5_folds.train_4.predict)=99.20%
[ 2018-02-20 14:10:31,354][kfold_wrapper.log_eval_metrics] Accuracy(layer_4 - estimator_1 - 5_folds.train_cv.predict)=99.04%
[ 2018-02-20 14:10:31,694][kfold_wrapper.log_eval_metrics] Accuracy(layer_4 - estimator_2 - 5_folds.train_0.predict)=99.40%
[ 2018-02-20 14:10:32,023][kfold_wrapper.log_eval_metrics] Accuracy(layer_4 - estimator_2 - 5_folds.train_1.predict)=99.20%
[ 2018-02-20 14:10:32,317][kfold_wrapper.log_eval_metrics] Accuracy(layer_4 - estimator_2 - 5_folds.train_2.predict)=98.80%
[ 2018-02-20 14:10:32,643][kfold_wrapper.log_eval_metrics] Accuracy(layer_4 - estimator_2 - 5_folds.train_3.predict)=98.60%
[ 2018-02-20 14:10:32,994][kfold_wrapper.log_eval_metrics] Accuracy(layer_4 - estimator_2 - 5_folds.train_4.predict)=99.80%
[ 2018-02-20 14:10:32,997][kfold_wrapper.log_eval_metrics] Accuracy(layer_4 - estimator_2 - 5_folds.train_cv.predict)=99.16%
[ 2018-02-20 14:10:36,711][kfold_wrapper.log_eval_metrics] Accuracy(layer_4 - estimator_3 - 5_folds.train_0.predict)=99.20%
[ 2018-02-20 14:10:40,385][kfold_wrapper.log_eval_metrics] Accuracy(layer_4 - estimator_3 - 5_folds.train_1.predict)=98.80%
[ 2018-02-20 14:10:44,093][kfold_wrapper.log_eval_metrics] Accuracy(layer_4 - estimator_3 - 5_folds.train_2.predict)=99.20%
[ 2018-02-20 14:10:47,895][kfold_wrapper.log_eval_metrics] Accuracy(layer_4 - estimator_3 - 5_folds.train_3.predict)=99.20%
[ 2018-02-20 14:10:51,555][kfold_wrapper.log_eval_metrics] Accuracy(layer_4 - estimator_3 - 5_folds.train_4.predict)=99.60%
[ 2018-02-20 14:10:51,556][kfold_wrapper.log_eval_metrics] Accuracy(layer_4 - estimator_3 - 5_folds.train_cv.predict)=99.20%
[ 2018-02-20 14:10:51,557][cascade_classifier.calc_accuracy] Accuracy(layer_4 - train.classifier_average)=99.28%
[ 2018-02-20 14:10:51,558][cascade_classifier.fit_transform] [Result][Optimal Level Detected] opt_layer_num=2, accuracy_train=99.44%, accuracy_test=0.00%
[ 2018-02-20 14:12:26,734][cascade_classifier.fit_transform] X_groups_train.shape=[(2500, 1, 72, 24, 3)],y_train.shape=(2500,),X_groups_test.shape=no_test,y_test.shape=no_test
[ 2018-02-20 14:12:26,773][cascade_classifier.fit_transform] group_dims=[5184]
[ 2018-02-20 14:12:26,774][cascade_classifier.fit_transform] group_starts=[0]
[ 2018-02-20 14:12:26,775][cascade_classifier.fit_transform] group_ends=[5184]
[ 2018-02-20 14:12:26,775][cascade_classifier.fit_transform] X_train.shape=(2500, 5184),X_test.shape=(0, 5184)
[ 2018-02-20 14:12:26,809][cascade_classifier.fit_transform] [layer=0] look_indexs=[0], X_cur_train.shape=(2500, 5184), X_cur_test.shape=(0, 5184)
[ 2018-02-20 14:12:30,828][kfold_wrapper.log_eval_metrics] Accuracy(layer_0 - estimator_0 - 5_folds.train_0.predict)=99.40%
[ 2018-02-20 14:12:34,734][kfold_wrapper.log_eval_metrics] Accuracy(layer_0 - estimator_0 - 5_folds.train_1.predict)=99.20%
[ 2018-02-20 14:12:38,564][kfold_wrapper.log_eval_metrics] Accuracy(layer_0 - estimator_0 - 5_folds.train_2.predict)=99.40%
[ 2018-02-20 14:12:42,478][kfold_wrapper.log_eval_metrics] Accuracy(layer_0 - estimator_0 - 5_folds.train_3.predict)=99.40%
[ 2018-02-20 14:12:46,702][kfold_wrapper.log_eval_metrics] Accuracy(layer_0 - estimator_0 - 5_folds.train_4.predict)=99.00%
[ 2018-02-20 14:12:46,703][kfold_wrapper.log_eval_metrics] Accuracy(layer_0 - estimator_0 - 5_folds.train_cv.predict)=99.28%
[ 2018-02-20 14:12:46,705][cascade_classifier.calc_accuracy] Accuracy(layer_0 - train.classifier_average)=99.28%
[ 2018-02-20 14:12:46,748][cascade_classifier.fit_transform] [layer=1] look_indexs=[0], X_cur_train.shape=(2500, 5187), X_cur_test.shape=(0, 5187)
[ 2018-02-20 14:12:50,288][kfold_wrapper.log_eval_metrics] Accuracy(layer_1 - estimator_0 - 5_folds.train_0.predict)=99.20%
[ 2018-02-20 14:12:54,045][kfold_wrapper.log_eval_metrics] Accuracy(layer_1 - estimator_0 - 5_folds.train_1.predict)=99.00%
[ 2018-02-20 14:12:57,690][kfold_wrapper.log_eval_metrics] Accuracy(layer_1 - estimator_0 - 5_folds.train_2.predict)=99.00%
[ 2018-02-20 14:13:01,572][kfold_wrapper.log_eval_metrics] Accuracy(layer_1 - estimator_0 - 5_folds.train_3.predict)=99.60%
[ 2018-02-20 14:13:05,505][kfold_wrapper.log_eval_metrics] Accuracy(layer_1 - estimator_0 - 5_folds.train_4.predict)=99.40%
[ 2018-02-20 14:13:05,506][kfold_wrapper.log_eval_metrics] Accuracy(layer_1 - estimator_0 - 5_folds.train_cv.predict)=99.24%
[ 2018-02-20 14:13:05,507][cascade_classifier.calc_accuracy] Accuracy(layer_1 - train.classifier_average)=99.24%
[ 2018-02-20 14:13:05,553][cascade_classifier.fit_transform] [layer=2] look_indexs=[0], X_cur_train.shape=(2500, 5187), X_cur_test.shape=(0, 5187)
[ 2018-02-20 14:13:09,236][kfold_wrapper.log_eval_metrics] Accuracy(layer_2 - estimator_0 - 5_folds.train_0.predict)=99.00%
[ 2018-02-20 14:13:12,927][kfold_wrapper.log_eval_metrics] Accuracy(layer_2 - estimator_0 - 5_folds.train_1.predict)=98.80%
[ 2018-02-20 14:13:16,803][kfold_wrapper.log_eval_metrics] Accuracy(layer_2 - estimator_0 - 5_folds.train_2.predict)=99.60%
[ 2018-02-20 14:13:20,652][kfold_wrapper.log_eval_metrics] Accuracy(layer_2 - estimator_0 - 5_folds.train_3.predict)=99.20%
[ 2018-02-20 14:13:24,462][kfold_wrapper.log_eval_metrics] Accuracy(layer_2 - estimator_0 - 5_folds.train_4.predict)=99.40%
[ 2018-02-20 14:13:24,463][kfold_wrapper.log_eval_metrics] Accuracy(layer_2 - estimator_0 - 5_folds.train_cv.predict)=99.20%
[ 2018-02-20 14:13:24,464][cascade_classifier.calc_accuracy] Accuracy(layer_2 - train.classifier_average)=99.20%
[ 2018-02-20 14:13:24,506][cascade_classifier.fit_transform] [layer=3] look_indexs=[0], X_cur_train.shape=(2500, 5187), X_cur_test.shape=(0, 5187)
[ 2018-02-20 14:13:28,195][kfold_wrapper.log_eval_metrics] Accuracy(layer_3 - estimator_0 - 5_folds.train_0.predict)=99.20%
[ 2018-02-20 14:13:31,887][kfold_wrapper.log_eval_metrics] Accuracy(layer_3 - estimator_0 - 5_folds.train_1.predict)=99.40%
[ 2018-02-20 14:13:35,674][kfold_wrapper.log_eval_metrics] Accuracy(layer_3 - estimator_0 - 5_folds.train_2.predict)=99.00%
[ 2018-02-20 14:13:39,367][kfold_wrapper.log_eval_metrics] Accuracy(layer_3 - estimator_0 - 5_folds.train_3.predict)=98.80%
[ 2018-02-20 14:13:43,083][kfold_wrapper.log_eval_metrics] Accuracy(layer_3 - estimator_0 - 5_folds.train_4.predict)=99.60%
[ 2018-02-20 14:13:43,085][kfold_wrapper.log_eval_metrics] Accuracy(layer_3 - estimator_0 - 5_folds.train_cv.predict)=99.20%
[ 2018-02-20 14:13:43,086][cascade_classifier.calc_accuracy] Accuracy(layer_3 - train.classifier_average)=99.20%
[ 2018-02-20 14:13:43,087][cascade_classifier.fit_transform] [Result][Optimal Level Detected] opt_layer_num=1, accuracy_train=99.28%, accuracy_test=0.00%
[ 2018-02-20 14:15:00,591][cascade_classifier.fit_transform] X_groups_train.shape=[(2500, 1, 72, 24, 3)],y_train.shape=(2500,),X_groups_test.shape=no_test,y_test.shape=no_test
[ 2018-02-20 14:15:00,630][cascade_classifier.fit_transform] group_dims=[5184]
[ 2018-02-20 14:15:00,630][cascade_classifier.fit_transform] group_starts=[0]
[ 2018-02-20 14:15:00,631][cascade_classifier.fit_transform] group_ends=[5184]
[ 2018-02-20 14:15:00,632][cascade_classifier.fit_transform] X_train.shape=(2500, 5184),X_test.shape=(0, 5184)
[ 2018-02-20 14:15:00,668][cascade_classifier.fit_transform] [layer=0] look_indexs=[0], X_cur_train.shape=(2500, 5184), X_cur_test.shape=(0, 5184)
[ 2018-02-20 14:15:04,655][kfold_wrapper.log_eval_metrics] Accuracy(layer_0 - estimator_0 - 5_folds.train_0.predict)=99.40%
[ 2018-02-20 14:15:08,539][kfold_wrapper.log_eval_metrics] Accuracy(layer_0 - estimator_0 - 5_folds.train_1.predict)=99.20%
[ 2018-02-20 14:15:12,324][kfold_wrapper.log_eval_metrics] Accuracy(layer_0 - estimator_0 - 5_folds.train_2.predict)=99.40%
[ 2018-02-20 14:15:16,253][kfold_wrapper.log_eval_metrics] Accuracy(layer_0 - estimator_0 - 5_folds.train_3.predict)=99.40%
[ 2018-02-20 14:15:20,480][kfold_wrapper.log_eval_metrics] Accuracy(layer_0 - estimator_0 - 5_folds.train_4.predict)=99.00%
[ 2018-02-20 14:15:20,481][kfold_wrapper.log_eval_metrics] Accuracy(layer_0 - estimator_0 - 5_folds.train_cv.predict)=99.28%
[ 2018-02-20 14:15:20,482][cascade_classifier.calc_accuracy] Accuracy(layer_0 - train.classifier_average)=99.28%
[ 2018-02-20 14:15:20,525][cascade_classifier.fit_transform] [layer=1] look_indexs=[0], X_cur_train.shape=(2500, 5187), X_cur_test.shape=(0, 5187)
[ 2018-02-20 14:15:24,083][kfold_wrapper.log_eval_metrics] Accuracy(layer_1 - estimator_0 - 5_folds.train_0.predict)=99.20%
[ 2018-02-20 14:15:27,817][kfold_wrapper.log_eval_metrics] Accuracy(layer_1 - estimator_0 - 5_folds.train_1.predict)=99.00%
[ 2018-02-20 14:15:31,434][kfold_wrapper.log_eval_metrics] Accuracy(layer_1 - estimator_0 - 5_folds.train_2.predict)=99.00%
[ 2018-02-20 14:15:35,330][kfold_wrapper.log_eval_metrics] Accuracy(layer_1 - estimator_0 - 5_folds.train_3.predict)=99.60%
[ 2018-02-20 14:15:39,299][kfold_wrapper.log_eval_metrics] Accuracy(layer_1 - estimator_0 - 5_folds.train_4.predict)=99.40%
[ 2018-02-20 14:15:39,300][kfold_wrapper.log_eval_metrics] Accuracy(layer_1 - estimator_0 - 5_folds.train_cv.predict)=99.24%
[ 2018-02-20 14:15:39,301][cascade_classifier.calc_accuracy] Accuracy(layer_1 - train.classifier_average)=99.24%
[ 2018-02-20 14:15:39,347][cascade_classifier.fit_transform] [layer=2] look_indexs=[0], X_cur_train.shape=(2500, 5187), X_cur_test.shape=(0, 5187)
[ 2018-02-20 14:15:43,130][kfold_wrapper.log_eval_metrics] Accuracy(layer_2 - estimator_0 - 5_folds.train_0.predict)=99.00%
[ 2018-02-20 14:15:46,814][kfold_wrapper.log_eval_metrics] Accuracy(layer_2 - estimator_0 - 5_folds.train_1.predict)=98.80%
[ 2018-02-20 14:15:50,673][kfold_wrapper.log_eval_metrics] Accuracy(layer_2 - estimator_0 - 5_folds.train_2.predict)=99.60%
[ 2018-02-20 14:15:54,410][kfold_wrapper.log_eval_metrics] Accuracy(layer_2 - estimator_0 - 5_folds.train_3.predict)=99.20%
[ 2018-02-20 14:15:58,291][kfold_wrapper.log_eval_metrics] Accuracy(layer_2 - estimator_0 - 5_folds.train_4.predict)=99.40%
[ 2018-02-20 14:15:58,292][kfold_wrapper.log_eval_metrics] Accuracy(layer_2 - estimator_0 - 5_folds.train_cv.predict)=99.20%
[ 2018-02-20 14:15:58,292][cascade_classifier.calc_accuracy] Accuracy(layer_2 - train.classifier_average)=99.20%
[ 2018-02-20 14:15:58,337][cascade_classifier.fit_transform] [layer=3] look_indexs=[0], X_cur_train.shape=(2500, 5187), X_cur_test.shape=(0, 5187)
[ 2018-02-20 14:16:02,291][kfold_wrapper.log_eval_metrics] Accuracy(layer_3 - estimator_0 - 5_folds.train_0.predict)=99.20%
[ 2018-02-20 14:16:06,127][kfold_wrapper.log_eval_metrics] Accuracy(layer_3 - estimator_0 - 5_folds.train_1.predict)=99.40%
[ 2018-02-20 14:16:10,036][kfold_wrapper.log_eval_metrics] Accuracy(layer_3 - estimator_0 - 5_folds.train_2.predict)=99.00%
[ 2018-02-20 14:16:13,796][kfold_wrapper.log_eval_metrics] Accuracy(layer_3 - estimator_0 - 5_folds.train_3.predict)=98.80%
[ 2018-02-20 14:16:17,566][kfold_wrapper.log_eval_metrics] Accuracy(layer_3 - estimator_0 - 5_folds.train_4.predict)=99.60%
[ 2018-02-20 14:16:17,567][kfold_wrapper.log_eval_metrics] Accuracy(layer_3 - estimator_0 - 5_folds.train_cv.predict)=99.20%
[ 2018-02-20 14:16:17,568][cascade_classifier.calc_accuracy] Accuracy(layer_3 - train.classifier_average)=99.20%
[ 2018-02-20 14:16:17,568][cascade_classifier.fit_transform] [Result][Optimal Level Detected] opt_layer_num=1, accuracy_train=99.28%, accuracy_test=0.00%
